2024-02-16 10:57:45,070 - INFO - =====================================
2024-02-16 10:57:45,070 - INFO - STARTING ROUND 1 OF 1
2024-02-16 10:57:45,070 - INFO - =====================================
2024-02-16 10:57:45,070 - INFO - Robot says: Round 1 out of 1.
2024-02-16 10:57:45,080 - INFO - Moving arm from up to halfway
2024-02-16 10:57:47,081 - INFO - =====================================
2024-02-16 10:57:47,081 - INFO - STARTING SET 1 OF lateral_raises
2024-02-16 10:57:47,081 - INFO - =====================================
2024-02-16 10:57:47,082 - INFO - Robot says: Get ready for set 1 of lateral raises
2024-02-16 10:57:49,084 - INFO - Robot smiling at intensity 0.6 for duration 4
2024-02-16 10:57:49,084 - INFO - -------------------Recording!
2024-02-16 10:57:49,085 - INFO - Moving arm from halfway to sides
2024-02-16 10:57:51,087 - INFO - Robot says: Start lateral raises now
2024-02-16 10:57:54,613 - INFO - Current peak - 65
2024-02-16 10:57:55,760 - INFO - Current peak - 119
2024-02-16 10:57:55,776 - INFO - Robot says: Rep
2024-02-16 10:57:58,445 - INFO - Current peak - 194
2024-02-16 10:57:58,461 - INFO - Robot says: Rep
2024-02-16 10:58:04,417 - INFO - Current peak - 352
2024-02-16 10:58:04,433 - INFO - Robot says: Rep
2024-02-16 10:58:07,729 - INFO - Current peak - 454
2024-02-16 10:58:07,740 - INFO - Robot says: Rep
2024-02-16 10:58:11,316 - INFO - Current peak - 530
2024-02-16 10:58:11,326 - INFO - Robot says: Rep
2024-02-16 10:58:14,286 - INFO - Current peak - 605
2024-02-16 10:58:14,307 - INFO - Robot says: Rep
2024-02-16 10:58:15,481 - INFO - Current peak - 659
2024-02-16 10:58:15,497 - INFO - Robot says: Rep
2024-02-16 10:58:18,301 - INFO - Current peak - 734
2024-02-16 10:58:18,322 - INFO - Robot says: Rep
2024-02-16 10:58:19,085 - INFO - -------------------Done with exercise
2024-02-16 10:58:19,085 - INFO - Robot says: Almost done.
2024-02-16 10:58:22,088 - INFO - Robot says: Rest.
2024-02-16 10:58:24,089 - INFO - Robot smiling at intensity 0.6 for duration 4
2024-02-16 10:58:24,089 - INFO - Moving arm from sides to up
2024-02-16 10:58:48,731 - INFO - Saved file Style_3_Verbal_2_Nonverbal_2_2024-02-16--10-57-45.npz
